2025-10-20 05:16:11 [SpringApplicationShutdownHook] INFO  o.s.b.w.e.tomcat.GracefulShutdown - Commencing graceful shutdown. Waiting for active requests to complete
2025-10-20 05:16:11 [tomcat-shutdown] INFO  o.s.b.w.e.tomcat.GracefulShutdown - Graceful shutdown complete
2025-10-20 05:16:11 [SpringApplicationShutdownHook] INFO  o.s.o.j.LocalContainerEntityManagerFactoryBean - Closing JPA EntityManagerFactory for persistence unit 'default'
2025-10-20 05:17:22 [main] INFO  o.s.d.r.c.RepositoryConfigurationDelegate - Bootstrapping Spring Data JPA repositories in DEFAULT mode.
2025-10-20 05:17:23 [main] INFO  o.s.d.r.c.RepositoryConfigurationDelegate - Finished Spring Data repository scanning in 329 ms. Found 12 JPA repository interfaces.
2025-10-20 05:17:25 [main] INFO  o.s.b.w.e.tomcat.TomcatWebServer - Tomcat initialized with port 8080 (http)
2025-10-20 05:17:25 [main] INFO  o.a.catalina.core.StandardService - Starting service [Tomcat]
2025-10-20 05:17:25 [main] INFO  o.a.catalina.core.StandardEngine - Starting Servlet engine: [Apache Tomcat/10.1.44]
2025-10-20 05:17:25 [main] INFO  o.a.c.c.C.[Tomcat].[localhost].[/] - Initializing Spring embedded WebApplicationContext
2025-10-20 05:17:25 [main] INFO  o.s.b.w.s.c.ServletWebServerApplicationContext - Root WebApplicationContext: initialization completed in 6102 ms
2025-10-20 05:17:27 [main] INFO  org.flywaydb.core.FlywayExecutor - Database: jdbc:postgresql://postgres:5432/techstore (PostgreSQL 15.14)
2025-10-20 05:17:27 [main] INFO  o.f.c.i.s.JdbcTableSchemaHistory - Schema history table "public"."flyway_schema_history" does not exist yet
2025-10-20 05:17:27 [main] INFO  o.f.core.internal.command.DbValidate - Successfully validated 7 migrations (execution time 00:00.049s)
2025-10-20 05:17:27 [main] INFO  org.flywaydb.core.Flyway - All configured schemas are empty; baseline operation skipped. A baseline or migration script with a lower version than the baseline version may execute if available. Check the Schemas parameter if this is not intended.
2025-10-20 05:17:27 [main] INFO  o.f.c.i.s.JdbcTableSchemaHistory - Creating Schema History table "public"."flyway_schema_history" ...
2025-10-20 05:17:27 [main] INFO  o.f.core.internal.command.DbMigrate - Current version of schema "public": << Empty Schema >>
2025-10-20 05:17:27 [main] INFO  o.f.core.internal.command.DbMigrate - Migrating schema "public" to version "1 - initial schema"
2025-10-20 05:17:28 [main] INFO  o.f.core.internal.command.DbMigrate - Migrating schema "public" to version "2 - add category path"
2025-10-20 05:17:28 [main] INFO  o.f.c.i.s.DefaultSqlScriptExecutor - DB: Category path migration completed:
2025-10-20 05:17:28 [main] INFO  o.f.c.i.s.DefaultSqlScriptExecutor - DB:   Total categories: 0
2025-10-20 05:17:28 [main] INFO  o.f.c.i.s.DefaultSqlScriptExecutor - DB:   With path: 0
2025-10-20 05:17:28 [main] INFO  o.f.c.i.s.DefaultSqlScriptExecutor - DB:   Without path: 0
2025-10-20 05:17:28 [main] INFO  o.f.c.i.s.DefaultSqlScriptExecutor - DB: Categories with duplicate names (expected for hierarchical structure):
2025-10-20 05:17:28 [main] INFO  o.f.core.internal.command.DbMigrate - Migrating schema "public" to version "3 - add orders"
2025-10-20 05:17:28 [main] INFO  o.f.core.internal.command.DbMigrate - Migrating schema "public" to version "4 - add speedy fields to orders"
2025-10-20 05:17:28 [main] INFO  o.f.c.i.s.DefaultSqlScriptExecutor - DB: Speedy fields migration completed:
2025-10-20 05:17:28 [main] INFO  o.f.c.i.s.DefaultSqlScriptExecutor - DB:   Total orders: 0
2025-10-20 05:17:28 [main] INFO  o.f.c.i.s.DefaultSqlScriptExecutor - DB:   Orders with shipping method: 0
2025-10-20 05:17:28 [main] INFO  o.f.c.i.s.DefaultSqlScriptExecutor - DB:   Migration successful!
2025-10-20 05:17:28 [main] INFO  o.f.core.internal.command.DbMigrate - Migrating schema "public" to version "5 - add is to speedy office to orders"
2025-10-20 05:17:28 [main] INFO  o.f.core.internal.command.DbMigrate - Migrating schema "public" to version "6 - allow guest orders"
2025-10-20 05:17:28 [main] INFO  o.f.core.internal.command.DbMigrate - Migrating schema "public" to version "7 - Add Asbis Fields"
2025-10-20 05:17:28 [main] INFO  o.f.core.internal.command.DbMigrate - Successfully applied 7 migrations to schema "public", now at version v7 (execution time 00:00.451s)
2025-10-20 05:17:28 [main] INFO  o.h.jpa.internal.util.LogHelper - HHH000204: Processing PersistenceUnitInfo [name: default]
2025-10-20 05:17:28 [main] INFO  org.hibernate.Version - HHH000412: Hibernate ORM core version 6.6.26.Final
2025-10-20 05:17:28 [main] INFO  o.h.c.i.RegionFactoryInitiator - HHH000026: Second-level cache disabled
2025-10-20 05:17:28 [main] INFO  o.s.o.j.p.SpringPersistenceUnitInfo - No LoadTimeWeaver setup: ignoring JPA class transformer
2025-10-20 05:17:29 [main] INFO  o.hibernate.orm.connections.pooling - HHH10001005: Database info:
	Database JDBC URL [Connecting through datasource 'HikariDataSource (HikariPool-1)']
	Database driver: undefined/unknown
	Database version: 15.14
	Autocommit mode: undefined/unknown
	Isolation level: undefined/unknown
	Minimum pool size: undefined/unknown
	Maximum pool size: undefined/unknown
2025-10-20 05:17:29 [main] INFO  o.h.s.m.o.b.i.HibernateSearchPreIntegrationService - HSEARCH000034: Hibernate Search version 7.0.1.Final
2025-10-20 05:17:30 [main] INFO  o.h.e.t.j.p.i.JtaPlatformInitiator - HHH000489: No JTA platform available (set 'hibernate.transaction.jta.platform' to enable JTA platform integration)
2025-10-20 05:17:31 [main] WARN  o.h.s.b.l.impl.LuceneBackendFactory - HSEARCH000075: Missing value for configuration property 'hibernate.search.backend.lucene_version': using LATEST (currently '9.8.0'). Context: default backend
2025-10-20 05:17:32 [main] INFO  o.s.o.j.LocalContainerEntityManagerFactoryBean - Initialized JPA EntityManagerFactory for persistence unit 'default'
2025-10-20 05:17:33 [main] INFO  o.s.d.j.r.query.QueryEnhancerFactory - Hibernate is in classpath; If applicable, HQL parser will be used.
2025-10-20 05:17:37 [main] INFO  o.s.s.c.a.a.c.InitializeAuthenticationProviderBeanManagerConfigurer$InitializeAuthenticationProviderManagerConfigurer - Global AuthenticationManager configured with AuthenticationProvider bean with name authenticationProvider
2025-10-20 05:17:40 [main] WARN  o.s.b.a.o.j.JpaBaseConfiguration$JpaWebConfiguration - spring.jpa.open-in-view is enabled by default. Therefore, database queries may be performed during view rendering. Explicitly configure spring.jpa.open-in-view to disable this warning
2025-10-20 05:17:41 [main] INFO  o.s.b.a.e.web.EndpointLinksResolver - Exposing 3 endpoints beneath base path '/actuator'
2025-10-20 05:17:42 [main] INFO  o.s.b.w.e.tomcat.TomcatWebServer - Tomcat started on port 8080 (http) with context path '/'
2025-10-20 05:17:46 [http-nio-8080-exec-1] INFO  o.a.c.c.C.[Tomcat].[localhost].[/] - Initializing Spring DispatcherServlet 'dispatcherServlet'
2025-10-20 05:17:46 [http-nio-8080-exec-1] INFO  o.s.web.servlet.DispatcherServlet - Initializing Servlet 'dispatcherServlet'
2025-10-20 05:17:46 [http-nio-8080-exec-1] INFO  o.s.web.servlet.DispatcherServlet - Completed initialization in 2 ms
2025-10-20 05:22:03 [http-nio-8080-exec-9] ERROR c.t.exception.GlobalExceptionHandler - Method not supported: POST for URI: /api/sync/asbis/raw-xml
2025-10-20 05:45:03 [SpringApplicationShutdownHook] INFO  o.s.b.w.e.tomcat.GracefulShutdown - Commencing graceful shutdown. Waiting for active requests to complete
2025-10-20 05:45:03 [tomcat-shutdown] INFO  o.s.b.w.e.tomcat.GracefulShutdown - Graceful shutdown complete
2025-10-20 05:45:03 [SpringApplicationShutdownHook] INFO  o.s.o.j.LocalContainerEntityManagerFactoryBean - Closing JPA EntityManagerFactory for persistence unit 'default'
2025-10-20 05:47:19 [main] INFO  o.s.d.r.c.RepositoryConfigurationDelegate - Bootstrapping Spring Data JPA repositories in DEFAULT mode.
2025-10-20 05:47:20 [main] INFO  o.s.d.r.c.RepositoryConfigurationDelegate - Finished Spring Data repository scanning in 295 ms. Found 12 JPA repository interfaces.
2025-10-20 05:47:22 [main] INFO  o.s.b.w.e.tomcat.TomcatWebServer - Tomcat initialized with port 8080 (http)
2025-10-20 05:47:22 [main] INFO  o.a.catalina.core.StandardService - Starting service [Tomcat]
2025-10-20 05:47:22 [main] INFO  o.a.catalina.core.StandardEngine - Starting Servlet engine: [Apache Tomcat/10.1.44]
2025-10-20 05:47:22 [main] INFO  o.a.c.c.C.[Tomcat].[localhost].[/] - Initializing Spring embedded WebApplicationContext
2025-10-20 05:47:22 [main] INFO  o.s.b.w.s.c.ServletWebServerApplicationContext - Root WebApplicationContext: initialization completed in 5122 ms
2025-10-20 05:47:23 [main] INFO  org.flywaydb.core.FlywayExecutor - Database: jdbc:postgresql://postgres:5432/techstore (PostgreSQL 15.14)
2025-10-20 05:47:23 [main] INFO  o.f.c.i.s.JdbcTableSchemaHistory - Schema history table "public"."flyway_schema_history" does not exist yet
2025-10-20 05:47:23 [main] INFO  o.f.core.internal.command.DbValidate - Successfully validated 7 migrations (execution time 00:00.056s)
2025-10-20 05:47:23 [main] INFO  org.flywaydb.core.Flyway - All configured schemas are empty; baseline operation skipped. A baseline or migration script with a lower version than the baseline version may execute if available. Check the Schemas parameter if this is not intended.
2025-10-20 05:47:23 [main] INFO  o.f.c.i.s.JdbcTableSchemaHistory - Creating Schema History table "public"."flyway_schema_history" ...
2025-10-20 05:47:24 [main] INFO  o.f.core.internal.command.DbMigrate - Current version of schema "public": << Empty Schema >>
2025-10-20 05:47:24 [main] INFO  o.f.core.internal.command.DbMigrate - Migrating schema "public" to version "1 - initial schema"
2025-10-20 05:47:24 [main] INFO  o.f.core.internal.command.DbMigrate - Migrating schema "public" to version "2 - add category path"
2025-10-20 05:47:24 [main] INFO  o.f.c.i.s.DefaultSqlScriptExecutor - DB: Category path migration completed:
2025-10-20 05:47:24 [main] INFO  o.f.c.i.s.DefaultSqlScriptExecutor - DB:   Total categories: 0
2025-10-20 05:47:24 [main] INFO  o.f.c.i.s.DefaultSqlScriptExecutor - DB:   With path: 0
2025-10-20 05:47:24 [main] INFO  o.f.c.i.s.DefaultSqlScriptExecutor - DB:   Without path: 0
2025-10-20 05:47:24 [main] INFO  o.f.c.i.s.DefaultSqlScriptExecutor - DB: Categories with duplicate names (expected for hierarchical structure):
2025-10-20 05:47:24 [main] INFO  o.f.core.internal.command.DbMigrate - Migrating schema "public" to version "3 - add orders"
2025-10-20 05:47:24 [main] INFO  o.f.core.internal.command.DbMigrate - Migrating schema "public" to version "4 - add speedy fields to orders"
2025-10-20 05:47:24 [main] INFO  o.f.c.i.s.DefaultSqlScriptExecutor - DB: Speedy fields migration completed:
2025-10-20 05:47:24 [main] INFO  o.f.c.i.s.DefaultSqlScriptExecutor - DB:   Total orders: 0
2025-10-20 05:47:24 [main] INFO  o.f.c.i.s.DefaultSqlScriptExecutor - DB:   Orders with shipping method: 0
2025-10-20 05:47:24 [main] INFO  o.f.c.i.s.DefaultSqlScriptExecutor - DB:   Migration successful!
2025-10-20 05:47:24 [main] INFO  o.f.core.internal.command.DbMigrate - Migrating schema "public" to version "5 - add is to speedy office to orders"
2025-10-20 05:47:24 [main] INFO  o.f.core.internal.command.DbMigrate - Migrating schema "public" to version "6 - allow guest orders"
2025-10-20 05:47:24 [main] INFO  o.f.core.internal.command.DbMigrate - Migrating schema "public" to version "7 - Add Asbis Fields"
2025-10-20 05:47:24 [main] INFO  o.f.core.internal.command.DbMigrate - Successfully applied 7 migrations to schema "public", now at version v7 (execution time 00:00.387s)
2025-10-20 05:47:24 [main] INFO  o.h.jpa.internal.util.LogHelper - HHH000204: Processing PersistenceUnitInfo [name: default]
2025-10-20 05:47:25 [main] INFO  org.hibernate.Version - HHH000412: Hibernate ORM core version 6.6.26.Final
2025-10-20 05:47:25 [main] INFO  o.h.c.i.RegionFactoryInitiator - HHH000026: Second-level cache disabled
2025-10-20 05:47:25 [main] INFO  o.s.o.j.p.SpringPersistenceUnitInfo - No LoadTimeWeaver setup: ignoring JPA class transformer
2025-10-20 05:47:25 [main] INFO  o.hibernate.orm.connections.pooling - HHH10001005: Database info:
	Database JDBC URL [Connecting through datasource 'HikariDataSource (HikariPool-1)']
	Database driver: undefined/unknown
	Database version: 15.14
	Autocommit mode: undefined/unknown
	Isolation level: undefined/unknown
	Minimum pool size: undefined/unknown
	Maximum pool size: undefined/unknown
2025-10-20 05:47:26 [main] INFO  o.h.s.m.o.b.i.HibernateSearchPreIntegrationService - HSEARCH000034: Hibernate Search version 7.0.1.Final
2025-10-20 05:47:27 [main] INFO  o.h.e.t.j.p.i.JtaPlatformInitiator - HHH000489: No JTA platform available (set 'hibernate.transaction.jta.platform' to enable JTA platform integration)
2025-10-20 05:47:28 [main] WARN  o.h.s.b.l.impl.LuceneBackendFactory - HSEARCH000075: Missing value for configuration property 'hibernate.search.backend.lucene_version': using LATEST (currently '9.8.0'). Context: default backend
2025-10-20 05:47:28 [main] INFO  o.s.o.j.LocalContainerEntityManagerFactoryBean - Initialized JPA EntityManagerFactory for persistence unit 'default'
2025-10-20 05:47:30 [main] INFO  o.s.d.j.r.query.QueryEnhancerFactory - Hibernate is in classpath; If applicable, HQL parser will be used.
2025-10-20 05:47:34 [main] INFO  o.s.s.c.a.a.c.InitializeAuthenticationProviderBeanManagerConfigurer$InitializeAuthenticationProviderManagerConfigurer - Global AuthenticationManager configured with AuthenticationProvider bean with name authenticationProvider
2025-10-20 05:47:36 [main] WARN  o.s.b.a.o.j.JpaBaseConfiguration$JpaWebConfiguration - spring.jpa.open-in-view is enabled by default. Therefore, database queries may be performed during view rendering. Explicitly configure spring.jpa.open-in-view to disable this warning
2025-10-20 05:47:37 [main] INFO  o.s.b.a.e.web.EndpointLinksResolver - Exposing 3 endpoints beneath base path '/actuator'
2025-10-20 05:47:38 [main] INFO  o.s.b.w.e.tomcat.TomcatWebServer - Tomcat started on port 8080 (http) with context path '/'
2025-10-20 05:47:40 [http-nio-8080-exec-1] INFO  o.a.c.c.C.[Tomcat].[localhost].[/] - Initializing Spring DispatcherServlet 'dispatcherServlet'
2025-10-20 05:47:40 [http-nio-8080-exec-1] INFO  o.s.web.servlet.DispatcherServlet - Initializing Servlet 'dispatcherServlet'
2025-10-20 05:47:40 [http-nio-8080-exec-1] INFO  o.s.web.servlet.DispatcherServlet - Completed initialization in 3 ms
2025-10-20 05:51:58 [http-nio-8080-exec-9] ERROR c.t.exception.GlobalExceptionHandler - Method not supported: GET for URI: /api/sync/asbis/manufacturers
2025-10-20 05:59:30 [http-nio-8080-exec-3] ERROR c.t.service.sync.AsbisSyncService - Error creating option for 'Включени аксесоари': Query did not return a unique result: 2 results were returned
2025-10-20 06:00:25 [http-nio-8080-exec-3] ERROR c.t.service.sync.AsbisSyncService - Error creating option for 'Характеристики': Query did not return a unique result: 3 results were returned
2025-10-20 06:02:17 [http-nio-8080-exec-3] ERROR c.t.service.sync.AsbisSyncService - Error creating option for 'Характеристики': Query did not return a unique result: 2 results were returned
2025-10-20 06:09:03 [http-nio-8080-exec-3] ERROR c.t.service.sync.AsbisSyncService - Error creating option for 'Характеристики': Query did not return a unique result: 3 results were returned
2025-10-20 06:15:43 [http-nio-8080-exec-3] ERROR c.t.service.sync.AsbisSyncService - Error creating option for 'Характеристики': Query did not return a unique result: 3 results were returned
2025-10-20 06:16:36 [http-nio-8080-exec-3] ERROR c.t.service.sync.AsbisSyncService - Error creating option for 'Включени аксесоари': Query did not return a unique result: 2 results were returned
2025-10-20 06:18:20 [http-nio-8080-exec-3] ERROR c.t.service.sync.AsbisSyncService - Error creating option for 'Характеристики': Query did not return a unique result: 3 results were returned
2025-10-20 06:20:34 [http-nio-8080-exec-3] ERROR c.t.service.sync.AsbisSyncService - Error creating option for 'Характеристики': Query did not return a unique result: 2 results were returned
2025-10-20 06:30:03 [SpringApplicationShutdownHook] INFO  o.s.b.w.e.tomcat.GracefulShutdown - Commencing graceful shutdown. Waiting for active requests to complete
2025-10-20 06:32:20 [main] INFO  o.s.d.r.c.RepositoryConfigurationDelegate - Bootstrapping Spring Data JPA repositories in DEFAULT mode.
2025-10-20 06:32:20 [main] INFO  o.s.d.r.c.RepositoryConfigurationDelegate - Finished Spring Data repository scanning in 263 ms. Found 12 JPA repository interfaces.
2025-10-20 06:32:22 [main] INFO  o.s.b.w.e.tomcat.TomcatWebServer - Tomcat initialized with port 8080 (http)
2025-10-20 06:32:22 [main] INFO  o.a.catalina.core.StandardService - Starting service [Tomcat]
2025-10-20 06:32:22 [main] INFO  o.a.catalina.core.StandardEngine - Starting Servlet engine: [Apache Tomcat/10.1.44]
2025-10-20 06:32:22 [main] INFO  o.a.c.c.C.[Tomcat].[localhost].[/] - Initializing Spring embedded WebApplicationContext
2025-10-20 06:32:22 [main] INFO  o.s.b.w.s.c.ServletWebServerApplicationContext - Root WebApplicationContext: initialization completed in 5189 ms
2025-10-20 06:32:23 [main] INFO  org.flywaydb.core.FlywayExecutor - Database: jdbc:postgresql://postgres:5432/techstore (PostgreSQL 15.14)
2025-10-20 06:32:24 [main] INFO  o.f.c.i.s.JdbcTableSchemaHistory - Schema history table "public"."flyway_schema_history" does not exist yet
2025-10-20 06:32:24 [main] INFO  o.f.core.internal.command.DbValidate - Successfully validated 7 migrations (execution time 00:00.064s)
2025-10-20 06:32:24 [main] INFO  org.flywaydb.core.Flyway - All configured schemas are empty; baseline operation skipped. A baseline or migration script with a lower version than the baseline version may execute if available. Check the Schemas parameter if this is not intended.
2025-10-20 06:32:24 [main] INFO  o.f.c.i.s.JdbcTableSchemaHistory - Creating Schema History table "public"."flyway_schema_history" ...
2025-10-20 06:32:24 [main] INFO  o.f.core.internal.command.DbMigrate - Current version of schema "public": << Empty Schema >>
2025-10-20 06:32:24 [main] INFO  o.f.core.internal.command.DbMigrate - Migrating schema "public" to version "1 - initial schema"
2025-10-20 06:32:24 [main] INFO  o.f.core.internal.command.DbMigrate - Migrating schema "public" to version "2 - add category path"
2025-10-20 06:32:24 [main] INFO  o.f.c.i.s.DefaultSqlScriptExecutor - DB: Category path migration completed:
2025-10-20 06:32:24 [main] INFO  o.f.c.i.s.DefaultSqlScriptExecutor - DB:   Total categories: 0
2025-10-20 06:32:24 [main] INFO  o.f.c.i.s.DefaultSqlScriptExecutor - DB:   With path: 0
2025-10-20 06:32:24 [main] INFO  o.f.c.i.s.DefaultSqlScriptExecutor - DB:   Without path: 0
2025-10-20 06:32:24 [main] INFO  o.f.c.i.s.DefaultSqlScriptExecutor - DB: Categories with duplicate names (expected for hierarchical structure):
2025-10-20 06:32:24 [main] INFO  o.f.core.internal.command.DbMigrate - Migrating schema "public" to version "3 - add orders"
2025-10-20 06:32:24 [main] INFO  o.f.core.internal.command.DbMigrate - Migrating schema "public" to version "4 - add speedy fields to orders"
2025-10-20 06:32:24 [main] INFO  o.f.c.i.s.DefaultSqlScriptExecutor - DB: Speedy fields migration completed:
2025-10-20 06:32:24 [main] INFO  o.f.c.i.s.DefaultSqlScriptExecutor - DB:   Total orders: 0
2025-10-20 06:32:24 [main] INFO  o.f.c.i.s.DefaultSqlScriptExecutor - DB:   Orders with shipping method: 0
2025-10-20 06:32:24 [main] INFO  o.f.c.i.s.DefaultSqlScriptExecutor - DB:   Migration successful!
2025-10-20 06:32:24 [main] INFO  o.f.core.internal.command.DbMigrate - Migrating schema "public" to version "5 - add is to speedy office to orders"
2025-10-20 06:32:24 [main] INFO  o.f.core.internal.command.DbMigrate - Migrating schema "public" to version "6 - allow guest orders"
2025-10-20 06:32:24 [main] INFO  o.f.core.internal.command.DbMigrate - Migrating schema "public" to version "7 - Add Asbis Fields"
2025-10-20 06:32:24 [main] INFO  o.f.core.internal.command.DbMigrate - Successfully applied 7 migrations to schema "public", now at version v7 (execution time 00:00.369s)
2025-10-20 06:32:25 [main] INFO  o.h.jpa.internal.util.LogHelper - HHH000204: Processing PersistenceUnitInfo [name: default]
2025-10-20 06:32:25 [main] INFO  org.hibernate.Version - HHH000412: Hibernate ORM core version 6.6.26.Final
2025-10-20 06:32:25 [main] INFO  o.h.c.i.RegionFactoryInitiator - HHH000026: Second-level cache disabled
2025-10-20 06:32:25 [main] INFO  o.s.o.j.p.SpringPersistenceUnitInfo - No LoadTimeWeaver setup: ignoring JPA class transformer
2025-10-20 06:32:25 [main] INFO  o.hibernate.orm.connections.pooling - HHH10001005: Database info:
	Database JDBC URL [Connecting through datasource 'HikariDataSource (HikariPool-1)']
	Database driver: undefined/unknown
	Database version: 15.14
	Autocommit mode: undefined/unknown
	Isolation level: undefined/unknown
	Minimum pool size: undefined/unknown
	Maximum pool size: undefined/unknown
2025-10-20 06:32:26 [main] INFO  o.h.s.m.o.b.i.HibernateSearchPreIntegrationService - HSEARCH000034: Hibernate Search version 7.0.1.Final
2025-10-20 06:32:27 [main] INFO  o.h.e.t.j.p.i.JtaPlatformInitiator - HHH000489: No JTA platform available (set 'hibernate.transaction.jta.platform' to enable JTA platform integration)
2025-10-20 06:32:28 [main] WARN  o.h.s.b.l.impl.LuceneBackendFactory - HSEARCH000075: Missing value for configuration property 'hibernate.search.backend.lucene_version': using LATEST (currently '9.8.0'). Context: default backend
2025-10-20 06:32:28 [main] INFO  o.s.o.j.LocalContainerEntityManagerFactoryBean - Initialized JPA EntityManagerFactory for persistence unit 'default'
2025-10-20 06:32:29 [main] INFO  o.s.d.j.r.query.QueryEnhancerFactory - Hibernate is in classpath; If applicable, HQL parser will be used.
2025-10-20 06:32:33 [main] INFO  o.s.s.c.a.a.c.InitializeAuthenticationProviderBeanManagerConfigurer$InitializeAuthenticationProviderManagerConfigurer - Global AuthenticationManager configured with AuthenticationProvider bean with name authenticationProvider
2025-10-20 06:32:35 [main] WARN  o.s.b.a.o.j.JpaBaseConfiguration$JpaWebConfiguration - spring.jpa.open-in-view is enabled by default. Therefore, database queries may be performed during view rendering. Explicitly configure spring.jpa.open-in-view to disable this warning
2025-10-20 06:32:36 [main] INFO  o.s.b.a.e.web.EndpointLinksResolver - Exposing 3 endpoints beneath base path '/actuator'
2025-10-20 06:32:37 [main] INFO  o.s.b.w.e.tomcat.TomcatWebServer - Tomcat started on port 8080 (http) with context path '/'
2025-10-20 06:32:40 [http-nio-8080-exec-1] INFO  o.a.c.c.C.[Tomcat].[localhost].[/] - Initializing Spring DispatcherServlet 'dispatcherServlet'
2025-10-20 06:32:40 [http-nio-8080-exec-1] INFO  o.s.web.servlet.DispatcherServlet - Initializing Servlet 'dispatcherServlet'
2025-10-20 06:32:40 [http-nio-8080-exec-1] INFO  o.s.web.servlet.DispatcherServlet - Completed initialization in 2 ms
